  [1m[36m (47.7ms)[0m  [1mCREATE TABLE "schema_migrations" ("version" varchar(255) NOT NULL) [0m
  [1m[35m (0.1ms)[0m  select sqlite_version(*)
  [1m[36m (18.3ms)[0m  [1mCREATE UNIQUE INDEX "unique_schema_migrations" ON "schema_migrations" ("version")[0m
  [1m[35mActiveRecord::SchemaMigration Load (0.2ms)[0m  SELECT "schema_migrations".* FROM "schema_migrations"
Migrating to DeviseCreateUsers (20140730145303)
  [1m[36m (0.1ms)[0m  [1mbegin transaction[0m
  [1m[35m (0.5ms)[0m  CREATE TABLE "users" ("id" INTEGER PRIMARY KEY AUTOINCREMENT NOT NULL, "email" varchar(255) DEFAULT '' NOT NULL, "encrypted_password" varchar(255) DEFAULT '' NOT NULL, "reset_password_token" varchar(255), "reset_password_sent_at" datetime, "remember_created_at" datetime, "sign_in_count" integer DEFAULT 0 NOT NULL, "current_sign_in_at" datetime, "last_sign_in_at" datetime, "current_sign_in_ip" varchar(255), "last_sign_in_ip" varchar(255), "created_at" datetime, "updated_at" datetime) 
  [1m[36m (0.3ms)[0m  [1mCREATE UNIQUE INDEX "index_users_on_email" ON "users" ("email")[0m
  [1m[35m (0.1ms)[0m              SELECT sql
            FROM sqlite_master
            WHERE name='index_users_on_email' AND type='index'
            UNION ALL
            SELECT sql
            FROM sqlite_temp_master
            WHERE name='index_users_on_email' AND type='index'

  [1m[36m (0.2ms)[0m  [1mCREATE UNIQUE INDEX "index_users_on_reset_password_token" ON "users" ("reset_password_token")[0m
  [1m[35mSQL (0.2ms)[0m  INSERT INTO "schema_migrations" ("version") VALUES (?)  [["version", "20140730145303"]]
  [1m[36m (20.0ms)[0m  [1mcommit transaction[0m
Migrating to AddNameToUsers (20140730145345)
  [1m[35m (0.1ms)[0m  begin transaction
  [1m[36m (0.7ms)[0m  [1mALTER TABLE "users" ADD "name" varchar(255)[0m
  [1m[35mSQL (0.5ms)[0m  INSERT INTO "schema_migrations" ("version") VALUES (?)  [["version", "20140730145345"]]
  [1m[36m (35.5ms)[0m  [1mcommit transaction[0m
Migrating to CreateConversations (20140730173347)
  [1m[35m (0.1ms)[0m  begin transaction
  [1m[36m (0.4ms)[0m  [1mCREATE TABLE "conversations" ("id" INTEGER PRIMARY KEY AUTOINCREMENT NOT NULL, "sender_id" integer, "recipient_id" integer, "created_at" datetime, "updated_at" datetime) [0m
  [1m[35m (0.1ms)[0m  CREATE  INDEX "index_conversations_on_sender_id" ON "conversations" ("sender_id")
  [1m[36m (0.1ms)[0m  [1m            SELECT sql
            FROM sqlite_master
            WHERE name='index_conversations_on_sender_id' AND type='index'
            UNION ALL
            SELECT sql
            FROM sqlite_temp_master
            WHERE name='index_conversations_on_sender_id' AND type='index'
[0m
  [1m[35m (0.2ms)[0m  CREATE  INDEX "index_conversations_on_recipient_id" ON "conversations" ("recipient_id")
  [1m[36mSQL (0.2ms)[0m  [1mINSERT INTO "schema_migrations" ("version") VALUES (?)[0m  [["version", "20140730173347"]]
  [1m[35m (29.6ms)[0m  commit transaction
Migrating to CreateMessages (20140730185251)
  [1m[36m (0.1ms)[0m  [1mbegin transaction[0m
  [1m[35m (0.5ms)[0m  CREATE TABLE "messages" ("id" INTEGER PRIMARY KEY AUTOINCREMENT NOT NULL, "body" text, "conversation_id" integer, "user_id" integer, "created_at" datetime, "updated_at" datetime) 
  [1m[36m (0.1ms)[0m  [1mCREATE  INDEX "index_messages_on_conversation_id" ON "messages" ("conversation_id")[0m
  [1m[35m (0.1ms)[0m              SELECT sql
            FROM sqlite_master
            WHERE name='index_messages_on_conversation_id' AND type='index'
            UNION ALL
            SELECT sql
            FROM sqlite_temp_master
            WHERE name='index_messages_on_conversation_id' AND type='index'

  [1m[36m (0.1ms)[0m  [1mCREATE  INDEX "index_messages_on_user_id" ON "messages" ("user_id")[0m
  [1m[35mSQL (0.2ms)[0m  INSERT INTO "schema_migrations" ("version") VALUES (?)  [["version", "20140730185251"]]
  [1m[36m (17.2ms)[0m  [1mcommit transaction[0m
  [1m[35mActiveRecord::SchemaMigration Load (0.1ms)[0m  SELECT "schema_migrations".* FROM "schema_migrations"
  [1m[36m (0.2ms)[0m  [1m            SELECT sql
            FROM sqlite_master
            WHERE name='index_conversations_on_recipient_id' AND type='index'
            UNION ALL
            SELECT sql
            FROM sqlite_temp_master
            WHERE name='index_conversations_on_recipient_id' AND type='index'
[0m
  [1m[35m (0.1ms)[0m              SELECT sql
            FROM sqlite_master
            WHERE name='index_conversations_on_sender_id' AND type='index'
            UNION ALL
            SELECT sql
            FROM sqlite_temp_master
            WHERE name='index_conversations_on_sender_id' AND type='index'

  [1m[36m (0.2ms)[0m  [1m            SELECT sql
            FROM sqlite_master
            WHERE name='index_messages_on_user_id' AND type='index'
            UNION ALL
            SELECT sql
            FROM sqlite_temp_master
            WHERE name='index_messages_on_user_id' AND type='index'
[0m
  [1m[35m (0.1ms)[0m              SELECT sql
            FROM sqlite_master
            WHERE name='index_messages_on_conversation_id' AND type='index'
            UNION ALL
            SELECT sql
            FROM sqlite_temp_master
            WHERE name='index_messages_on_conversation_id' AND type='index'

  [1m[36m (0.2ms)[0m  [1m            SELECT sql
            FROM sqlite_master
            WHERE name='index_users_on_reset_password_token' AND type='index'
            UNION ALL
            SELECT sql
            FROM sqlite_temp_master
            WHERE name='index_users_on_reset_password_token' AND type='index'
[0m
  [1m[35m (0.2ms)[0m              SELECT sql
            FROM sqlite_master
            WHERE name='index_users_on_email' AND type='index'
            UNION ALL
            SELECT sql
            FROM sqlite_temp_master
            WHERE name='index_users_on_email' AND type='index'



Started GET "/" for 189.220.165.253 at 2014-11-13 21:43:34 +0000
  [1m[36mActiveRecord::SchemaMigration Load (0.2ms)[0m  [1mSELECT "schema_migrations".* FROM "schema_migrations"[0m
  [1m[35mUser Load (0.2ms)[0m  SELECT  "users".* FROM "users"  WHERE "users"."id" = 1  ORDER BY "users"."id" ASC LIMIT 1
Processing by Devise::SessionsController#new as HTML
  Rendered devise/shared/_links.erb (1.4ms)
  Rendered devise/sessions/new.html.erb within layouts/application (31.1ms)
  Rendered layouts/_nav.html.erb (1.9ms)
Completed 200 OK in 1677ms (Views: 1664.9ms | ActiveRecord: 0.1ms)


Started GET "/assets/chat.css?body=1" for 189.220.165.253 at 2014-11-13 21:43:36 +0000


Started GET "/assets/users.css?body=1" for 189.220.165.253 at 2014-11-13 21:43:36 +0000


Started GET "/assets/messages.css?body=1" for 189.220.165.253 at 2014-11-13 21:43:36 +0000


Started GET "/assets/conversations.css?body=1" for 189.220.165.253 at 2014-11-13 21:43:36 +0000


Started GET "/assets/application.css?body=1" for 189.220.165.253 at 2014-11-13 21:43:36 +0000


Started GET "/assets/bootstrap.css?body=1" for 189.220.165.253 at 2014-11-13 21:43:36 +0000


Started GET "/assets/jquery.js?body=1" for 189.220.165.253 at 2014-11-13 21:43:36 +0000


Started GET "/assets/jquery_ujs.js?body=1" for 189.220.165.253 at 2014-11-13 21:43:37 +0000


Started GET "/assets/bootstrap.min.js?body=1" for 189.220.165.253 at 2014-11-13 21:43:37 +0000


Started GET "/assets/private_pub.js?body=1" for 189.220.165.253 at 2014-11-13 21:43:37 +0000


Started GET "/assets/chat.js?body=1" for 189.220.165.253 at 2014-11-13 21:43:37 +0000


Started GET "/assets/turbolinks.js?body=1" for 189.220.165.253 at 2014-11-13 21:43:37 +0000


Started GET "/assets/conversations.js?body=1" for 189.220.165.253 at 2014-11-13 21:43:37 +0000


Started GET "/assets/messages.js?body=1" for 189.220.165.253 at 2014-11-13 21:43:37 +0000


Started GET "/assets/application.js?body=1" for 189.220.165.253 at 2014-11-13 21:43:37 +0000


Started GET "/assets/users.js?body=1" for 189.220.165.253 at 2014-11-13 21:43:37 +0000


Started POST "/users/sign_in" for 189.220.165.253 at 2014-11-13 21:43:39 +0000
Processing by Devise::SessionsController#create as HTML
  Parameters: {"utf8"=>"✓", "authenticity_token"=>"oKKPLbkpQgNAQXk62tEBW5l+Ub3U4veHlHSV3+7CO6c=", "user"=>{"email"=>"denisseaguilar1993@gmail.com", "password"=>"[FILTERED]", "remember_me"=>"0"}, "commit"=>"Sign in"}
  [1m[36mUser Load (0.3ms)[0m  [1mSELECT  "users".* FROM "users"  WHERE "users"."email" = 'denisseaguilar1993@gmail.com'  ORDER BY "users"."id" ASC LIMIT 1[0m
Completed 401 Unauthorized in 4ms
Processing by Devise::SessionsController#new as HTML
  Parameters: {"utf8"=>"✓", "authenticity_token"=>"oKKPLbkpQgNAQXk62tEBW5l+Ub3U4veHlHSV3+7CO6c=", "user"=>{"email"=>"denisseaguilar1993@gmail.com", "password"=>"[FILTERED]", "remember_me"=>"0"}, "commit"=>"Sign in"}
  Rendered devise/shared/_links.erb (0.6ms)
  Rendered devise/sessions/new.html.erb within layouts/application (4.0ms)
  Rendered layouts/_nav.html.erb (0.4ms)
Completed 200 OK in 98ms (Views: 16.4ms | ActiveRecord: 0.0ms)


Started GET "/assets/messages.css?body=1" for 189.220.165.253 at 2014-11-13 21:43:39 +0000


Started GET "/assets/conversations.css?body=1" for 189.220.165.253 at 2014-11-13 21:43:39 +0000


Started GET "/assets/application.css?body=1" for 189.220.165.253 at 2014-11-13 21:43:39 +0000


Started GET "/assets/conversations.js?body=1" for 189.220.165.253 at 2014-11-13 21:43:39 +0000


Started GET "/assets/messages.js?body=1" for 189.220.165.253 at 2014-11-13 21:43:39 +0000


Started GET "/assets/application.js?body=1" for 189.220.165.253 at 2014-11-13 21:43:39 +0000


Started GET "/users/sign_up" for 189.220.165.253 at 2014-11-13 21:43:46 +0000
Processing by Devise::RegistrationsController#new as HTML
  Rendered devise/shared/_links.erb (0.4ms)
  Rendered devise/registrations/new.html.erb within layouts/application (5.7ms)
  Rendered layouts/_nav.html.erb (0.4ms)
Completed 200 OK in 21ms (Views: 19.0ms | ActiveRecord: 0.0ms)


Started GET "/assets/chat.css?body=1" for 189.220.165.253 at 2014-11-13 21:43:46 +0000


Started GET "/assets/users.css?body=1" for 189.220.165.253 at 2014-11-13 21:43:46 +0000


Started GET "/assets/messages.css?body=1" for 189.220.165.253 at 2014-11-13 21:43:46 +0000


Started GET "/assets/conversations.css?body=1" for 189.220.165.253 at 2014-11-13 21:43:46 +0000


Started GET "/assets/bootstrap.css?body=1" for 189.220.165.253 at 2014-11-13 21:43:46 +0000


Started GET "/assets/application.css?body=1" for 189.220.165.253 at 2014-11-13 21:43:46 +0000


Started GET "/assets/bootstrap.min.js?body=1" for 189.220.165.253 at 2014-11-13 21:43:46 +0000


Started GET "/assets/conversations.js?body=1" for 189.220.165.253 at 2014-11-13 21:43:46 +0000


Started GET "/assets/chat.js?body=1" for 189.220.165.253 at 2014-11-13 21:43:46 +0000


Started GET "/assets/messages.js?body=1" for 189.220.165.253 at 2014-11-13 21:43:46 +0000


Started GET "/assets/users.js?body=1" for 189.220.165.253 at 2014-11-13 21:43:46 +0000


Started GET "/assets/application.js?body=1" for 189.220.165.253 at 2014-11-13 21:43:46 +0000
  [1m[36mActiveRecord::SchemaMigration Load (0.2ms)[0m  [1mSELECT "schema_migrations".* FROM "schema_migrations"[0m
  [1m[35mActiveRecord::SchemaMigration Load (0.1ms)[0m  SELECT "schema_migrations".* FROM "schema_migrations"
  [1m[36m (0.2ms)[0m  [1m            SELECT sql
            FROM sqlite_master
            WHERE name='index_conversations_on_recipient_id' AND type='index'
            UNION ALL
            SELECT sql
            FROM sqlite_temp_master
            WHERE name='index_conversations_on_recipient_id' AND type='index'
[0m
  [1m[35m (0.2ms)[0m              SELECT sql
            FROM sqlite_master
            WHERE name='index_conversations_on_sender_id' AND type='index'
            UNION ALL
            SELECT sql
            FROM sqlite_temp_master
            WHERE name='index_conversations_on_sender_id' AND type='index'

  [1m[36m (0.2ms)[0m  [1m            SELECT sql
            FROM sqlite_master
            WHERE name='index_messages_on_user_id' AND type='index'
            UNION ALL
            SELECT sql
            FROM sqlite_temp_master
            WHERE name='index_messages_on_user_id' AND type='index'
[0m
  [1m[35m (0.1ms)[0m              SELECT sql
            FROM sqlite_master
            WHERE name='index_messages_on_conversation_id' AND type='index'
            UNION ALL
            SELECT sql
            FROM sqlite_temp_master
            WHERE name='index_messages_on_conversation_id' AND type='index'

  [1m[36m (0.2ms)[0m  [1m            SELECT sql
            FROM sqlite_master
            WHERE name='index_users_on_reset_password_token' AND type='index'
            UNION ALL
            SELECT sql
            FROM sqlite_temp_master
            WHERE name='index_users_on_reset_password_token' AND type='index'
[0m
  [1m[35m (0.2ms)[0m              SELECT sql
            FROM sqlite_master
            WHERE name='index_users_on_email' AND type='index'
            UNION ALL
            SELECT sql
            FROM sqlite_temp_master
            WHERE name='index_users_on_email' AND type='index'



Started GET "/" for 189.220.165.253 at 2014-11-13 21:45:37 +0000
  [1m[36mActiveRecord::SchemaMigration Load (0.2ms)[0m  [1mSELECT "schema_migrations".* FROM "schema_migrations"[0m
Processing by Devise::SessionsController#new as HTML
  Rendered devise/shared/_links.erb (1.6ms)
  Rendered devise/sessions/new.html.erb within layouts/application (32.1ms)
  Rendered layouts/_nav.html.erb (1.1ms)
Completed 200 OK in 125ms (Views: 111.9ms | ActiveRecord: 0.4ms)


Started GET "/assets/chat.css?body=1" for 189.220.165.253 at 2014-11-13 21:45:38 +0000


Started GET "/assets/bootstrap.min.js?body=1" for 189.220.165.253 at 2014-11-13 21:45:38 +0000


Started GET "/assets/conversations.css?body=1" for 189.220.165.253 at 2014-11-13 21:45:38 +0000


Started GET "/assets/messages.css?body=1" for 189.220.165.253 at 2014-11-13 21:45:38 +0000


Started GET "/assets/users.css?body=1" for 189.220.165.253 at 2014-11-13 21:45:38 +0000


Started GET "/assets/bootstrap.css?body=1" for 189.220.165.253 at 2014-11-13 21:45:38 +0000


Started GET "/assets/application.css?body=1" for 189.220.165.253 at 2014-11-13 21:45:38 +0000


Started GET "/assets/chat.js?body=1" for 189.220.165.253 at 2014-11-13 21:45:38 +0000


Started GET "/assets/conversations.js?body=1" for 189.220.165.253 at 2014-11-13 21:45:38 +0000


Started GET "/assets/application.js?body=1" for 189.220.165.253 at 2014-11-13 21:45:38 +0000


Started GET "/assets/messages.js?body=1" for 189.220.165.253 at 2014-11-13 21:45:38 +0000


Started GET "/assets/users.js?body=1" for 189.220.165.253 at 2014-11-13 21:45:38 +0000
